2018/10/17 10:58:05 [INFO] 程序运行路径:
/Volumes/work/go/src/cparrow.com/go-mvc/main.go:55
2018/10/17 10:58:05 [INFO] Web服务器地址:0.0.0.0:8081
/Volumes/work/go/src/cparrow.com/go-mvc/main.go:56
2018/10/17 10:59:00 [INFO] 已安全退出系统
/Volumes/work/go/src/cparrow.com/go-mvc/main.go:42
2018/10/17 10:59:07 [INFO] 程序运行路径:
/Volumes/work/go/src/cparrow.com/go-mvc/main.go:55
2018/10/17 10:59:07 [INFO] Web服务器地址:0.0.0.0:8081
/Volumes/work/go/src/cparrow.com/go-mvc/main.go:56
2018/10/17 10:59:10 [INFO] 已安全退出系统
/Volumes/work/go/src/cparrow.com/go-mvc/main.go:42
2018/10/17 11:12:30 [INFO] 程序运行路径:/Volumes/work/go/src/cparrow.com/go-mvc/
/Volumes/work/go/src/cparrow.com/go-mvc/main.go:55
2018/10/17 11:12:30 [INFO] Web服务器地址:0.0.0.0:8081
/Volumes/work/go/src/cparrow.com/go-mvc/main.go:56
2018/10/17 11:13:07 [INFO] 已安全退出系统
/Volumes/work/go/src/cparrow.com/go-mvc/main.go:42
2018/10/17 11:13:12 [INFO] 程序运行路径:/Volumes/work/go/src/cparrow.com/go-mvc/
/Volumes/work/go/src/cparrow.com/go-mvc/main.go:55
2018/10/17 11:13:12 [INFO] Web服务器地址:0.0.0.0:8081
/Volumes/work/go/src/cparrow.com/go-mvc/main.go:56
2018/10/17 11:13:41 [INFO] 已安全退出系统
/Volumes/work/go/src/cparrow.com/go-mvc/main.go:42
2018/10/17 11:13:46 [INFO] 程序运行路径:/Volumes/work/go/src/cparrow.com/go-mvc/
/Volumes/work/go/src/cparrow.com/go-mvc/main.go:55
2018/10/17 11:13:46 [INFO] Web服务器地址:0.0.0.0:8081
/Volumes/work/go/src/cparrow.com/go-mvc/main.go:56
2018/10/17 11:16:27 [INFO] 已安全退出系统
/Volumes/work/go/src/cparrow.com/go-mvc/main.go:42
2018/10/17 11:16:31 [INFO] 程序运行路径:/Volumes/work/go/src/cparrow.com/go-mvc/
/Volumes/work/go/src/cparrow.com/go-mvc/main.go:55
2018/10/17 11:16:31 [INFO] Web服务器地址:0.0.0.0:8081
/Volumes/work/go/src/cparrow.com/go-mvc/main.go:56
2018/10/17 11:18:50 [INFO] 已安全退出系统
/Volumes/work/go/src/cparrow.com/go-mvc/main.go:42
2018/10/17 11:18:54 [INFO] 程序运行路径:/Volumes/work/go/src/cparrow.com/go-mvc/
/Volumes/work/go/src/cparrow.com/go-mvc/main.go:55
2018/10/17 11:18:54 [INFO] Web服务器地址:0.0.0.0:8081
/Volumes/work/go/src/cparrow.com/go-mvc/main.go:56
2018/10/17 11:23:07 [INFO] 已安全退出系统
/Volumes/work/go/src/cparrow.com/go-mvc/main.go:42
2018/10/17 11:23:13 [INFO] 程序运行路径:/Volumes/work/go/src/cparrow.com/go-mvc/
/Volumes/work/go/src/cparrow.com/go-mvc/main.go:55
2018/10/17 11:23:13 [INFO] Web服务器地址:0.0.0.0:8081
/Volumes/work/go/src/cparrow.com/go-mvc/main.go:56
2018/10/17 11:23:48 [INFO] 程序运行路径:/Volumes/work/go/src/cparrow.com/go-mvc/
/Volumes/work/go/src/cparrow.com/go-mvc/main.go:55
2018/10/17 11:23:48 [INFO] Web服务器地址:0.0.0.0:8081
/Volumes/work/go/src/cparrow.com/go-mvc/main.go:56
2018/10/17 11:24:31 [INFO] 程序运行路径:/Volumes/work/go/src/cparrow.com/go-mvc/
/Volumes/work/go/src/cparrow.com/go-mvc/main.go:55
2018/10/17 11:24:31 [INFO] Web服务器地址:0.0.0.0:8081
/Volumes/work/go/src/cparrow.com/go-mvc/main.go:56
2018/10/17 11:32:08 [INFO] 已安全退出系统
/Volumes/work/go/src/cparrow.com/go-mvc/main.go:42
2018/10/17 11:32:12 [INFO] 程序运行路径:/Volumes/work/go/src/cparrow.com/go-mvc/
/Volumes/work/go/src/cparrow.com/go-mvc/main.go:55
2018/10/17 11:32:12 [INFO] Web服务器地址:0.0.0.0:8081
/Volumes/work/go/src/cparrow.com/go-mvc/main.go:56
2018/10/17 11:44:47 [INFO] 已安全退出系统
/Volumes/work/go/src/cparrow.com/go-mvc/main.go:42
2018/10/17 11:44:51 [INFO] 程序运行路径:/Volumes/work/go/src/cparrow.com/go-mvc/
/Volumes/work/go/src/cparrow.com/go-mvc/main.go:55
2018/10/17 11:44:51 [INFO] Web服务器地址:0.0.0.0:8081
/Volumes/work/go/src/cparrow.com/go-mvc/main.go:56
2018/10/17 11:45:04 [INFO] 已安全退出系统
/Volumes/work/go/src/cparrow.com/go-mvc/main.go:42
2018/10/17 11:45:08 [INFO] 程序运行路径:/Volumes/work/go/src/cparrow.com/go-mvc/
/Volumes/work/go/src/cparrow.com/go-mvc/main.go:55
2018/10/17 11:45:08 [INFO] Web服务器地址:0.0.0.0:8081
/Volumes/work/go/src/cparrow.com/go-mvc/main.go:56
2018/10/17 11:45:23 [INFO] 已安全退出系统
/Volumes/work/go/src/cparrow.com/go-mvc/main.go:42
